12:32:55.522 [main] INFO  testCases.TC001_AccountRegistrationTest - ******* Starting TC001_AccountRegistrationTest ********
12:32:55.890 [main] INFO  testCases.TC001_AccountRegistrationTest - Clicked on myAccount link..  
12:32:56.480 [main] INFO  testCases.TC001_AccountRegistrationTest - Clicked on Register link..  
12:32:56.483 [main] INFO  testCases.TC001_AccountRegistrationTest - providing customer details..  
12:32:58.784 [main] INFO  testCases.TC001_AccountRegistrationTest - Validating expected message.. 
12:43:48.002 [main] INFO  testCases.TC001_AccountRegistrationTest - ******* Starting TC001_AccountRegistrationTest ********
12:43:48.304 [main] INFO  testCases.TC001_AccountRegistrationTest - Clicked on myAccount link..  
12:43:48.885 [main] INFO  testCases.TC001_AccountRegistrationTest - Clicked on Register link..  
12:43:48.888 [main] INFO  testCases.TC001_AccountRegistrationTest - providing customer details..  
12:43:51.082 [main] INFO  testCases.TC001_AccountRegistrationTest - Validating expected message.. 
12:43:51.179 [main] ERROR testCases.TC001_AccountRegistrationTest - Test Failed..
12:45:12.201 [main] INFO  testCases.TC001_AccountRegistrationTest - ******* Starting TC001_AccountRegistrationTest ********
12:45:12.666 [main] INFO  testCases.TC001_AccountRegistrationTest - Clicked on myAccount link..  
12:45:13.535 [main] INFO  testCases.TC001_AccountRegistrationTest - Clicked on Register link..  
12:45:13.544 [main] INFO  testCases.TC001_AccountRegistrationTest - providing customer details..  
12:45:15.999 [main] INFO  testCases.TC001_AccountRegistrationTest - Validating expected message.. 
12:45:16.070 [main] ERROR testCases.TC001_AccountRegistrationTest - Test Failed..
12:45:16.070 [main] DEBUG testCases.TC001_AccountRegistrationTest - Debug logs..
13:19:26.454 [main] INFO  testCases.TC001_AccountRegistrationTest - ******* Starting TC001_AccountRegistrationTest ********
13:19:26.899 [main] INFO  testCases.TC001_AccountRegistrationTest - Clicked on myAccount link..  
13:19:27.545 [main] INFO  testCases.TC001_AccountRegistrationTest - Clicked on Register link..  
13:19:27.547 [main] INFO  testCases.TC001_AccountRegistrationTest - providing customer details..  
13:19:29.472 [main] INFO  testCases.TC001_AccountRegistrationTest - Validating expected message.. 
13:19:29.510 [main] ERROR testCases.TC001_AccountRegistrationTest - Test Failed..
13:19:29.510 [main] DEBUG testCases.TC001_AccountRegistrationTest - Debug logs..
13:20:01.780 [main] INFO  testCases.TC001_AccountRegistrationTest - ******* Starting TC001_AccountRegistrationTest ********
13:20:02.095 [main] INFO  testCases.TC001_AccountRegistrationTest - Clicked on myAccount link..  
13:20:03.643 [main] INFO  testCases.TC001_AccountRegistrationTest - Clicked on Register link..  
13:20:03.645 [main] INFO  testCases.TC001_AccountRegistrationTest - providing customer details..  
13:20:08.772 [main] INFO  testCases.TC001_AccountRegistrationTest - Validating expected message.. 
13:21:04.710 [main] INFO  testCases.TC001_AccountRegistrationTest - ******* Starting TC001_AccountRegistrationTest ********
13:21:04.963 [main] INFO  testCases.TC001_AccountRegistrationTest - Clicked on myAccount link..  
13:21:05.479 [main] INFO  testCases.TC001_AccountRegistrationTest - Clicked on Register link..  
13:21:05.493 [main] INFO  testCases.TC001_AccountRegistrationTest - providing customer details..  
13:21:07.231 [main] INFO  testCases.TC001_AccountRegistrationTest - Validating expected message.. 
13:28:28.751 [main] INFO  testCases.TC001_AccountRegistrationTest - ******* Starting TC001_AccountRegistrationTest ********
13:28:29.131 [main] INFO  testCases.TC001_AccountRegistrationTest - Clicked on myAccount link..  
13:28:29.698 [main] INFO  testCases.TC001_AccountRegistrationTest - Clicked on Register link..  
13:28:29.710 [main] INFO  testCases.TC001_AccountRegistrationTest - providing customer details..  
13:28:31.619 [main] INFO  testCases.TC001_AccountRegistrationTest - Validating expected message.. 
13:28:38.770 [main] INFO  testCases.TC001_AccountRegistrationTest - ******* Starting TC001_AccountRegistrationTest ********
13:28:38.955 [main] INFO  testCases.TC001_AccountRegistrationTest - Clicked on myAccount link..  
13:28:39.474 [main] INFO  testCases.TC001_AccountRegistrationTest - Clicked on Register link..  
13:28:39.480 [main] INFO  testCases.TC001_AccountRegistrationTest - providing customer details..  
13:28:40.869 [main] INFO  testCases.TC001_AccountRegistrationTest - Validating expected message.. 
13:28:59.616 [main] INFO  testCases.TC001_AccountRegistrationTest - ******* Starting TC001_AccountRegistrationTest ********
13:29:00.092 [main] INFO  testCases.TC001_AccountRegistrationTest - Clicked on myAccount link..  
13:29:00.956 [main] INFO  testCases.TC001_AccountRegistrationTest - Clicked on Register link..  
13:29:00.957 [main] INFO  testCases.TC001_AccountRegistrationTest - providing customer details..  
13:29:02.992 [main] INFO  testCases.TC001_AccountRegistrationTest - Validating expected message.. 
13:34:09.795 [TestNG-tests-3] INFO  testCases.TC001_AccountRegistrationTest - ******* Starting TC001_AccountRegistrationTest ********
13:34:10.711 [TestNG-tests-3] INFO  testCases.TC001_AccountRegistrationTest - Clicked on myAccount link..  
13:34:11.286 [TestNG-tests-1] INFO  testCases.TC001_AccountRegistrationTest - ******* Starting TC001_AccountRegistrationTest ********
13:34:11.856 [TestNG-tests-1] INFO  testCases.TC001_AccountRegistrationTest - Clicked on myAccount link..  
13:34:12.163 [TestNG-tests-3] INFO  testCases.TC001_AccountRegistrationTest - Clicked on Register link..  
13:34:12.169 [TestNG-tests-3] INFO  testCases.TC001_AccountRegistrationTest - providing customer details..  
13:34:14.103 [TestNG-tests-1] INFO  testCases.TC001_AccountRegistrationTest - Clicked on Register link..  
13:34:14.104 [TestNG-tests-1] INFO  testCases.TC001_AccountRegistrationTest - providing customer details..  
13:34:18.945 [TestNG-tests-3] INFO  testCases.TC001_AccountRegistrationTest - Validating expected message.. 
13:34:20.354 [TestNG-tests-1] INFO  testCases.TC001_AccountRegistrationTest - Validating expected message.. 
13:34:22.328 [TestNG-tests-2] INFO  testCases.TC001_AccountRegistrationTest - ******* Starting TC001_AccountRegistrationTest ********
13:34:22.629 [TestNG-tests-2] INFO  testCases.TC001_AccountRegistrationTest - Clicked on myAccount link..  
13:34:23.118 [TestNG-tests-2] INFO  testCases.TC001_AccountRegistrationTest - Clicked on Register link..  
13:34:23.119 [TestNG-tests-2] INFO  testCases.TC001_AccountRegistrationTest - providing customer details..  
13:34:24.512 [TestNG-tests-2] INFO  testCases.TC001_AccountRegistrationTest - Validating expected message.. 
14:03:56.961 [main] INFO  testCases.TC001_AccountRegistrationTest - ******* Starting TC001_AccountRegistrationTest ********
14:03:57.343 [main] INFO  testCases.TC001_AccountRegistrationTest - Clicked on myAccount link..  
14:03:57.899 [main] INFO  testCases.TC001_AccountRegistrationTest - Clicked on Register link..  
14:03:57.902 [main] INFO  testCases.TC001_AccountRegistrationTest - providing customer details..  
14:04:00.193 [main] INFO  testCases.TC001_AccountRegistrationTest - Validating expected message.. 
17:29:22.482 [main] INFO  testCases.TC001_AccountRegistrationTest - ******* Starting TC001_AccountRegistrationTest ********
17:29:22.780 [main] INFO  testCases.TC001_AccountRegistrationTest - Clicked on myAccount link..  
17:29:23.383 [main] INFO  testCases.TC001_AccountRegistrationTest - Clicked on Register link..  
17:29:23.389 [main] INFO  testCases.TC001_AccountRegistrationTest - providing customer details..  
17:29:25.146 [main] INFO  testCases.TC001_AccountRegistrationTest - Validating expected message.. 
17:29:28.579 [main] INFO  testCases.TC002_LoginTest - **** Starting TC002_LoginTest****
17:29:30.962 [main] INFO  testCases.TC002_LoginTest - ***** Finished TC002_LoginTest
13:47:53.746 [main] INFO  testCases.TC001_AccountRegistrationTest - ******* Starting TC001_AccountRegistrationTest ********
13:47:54.280 [main] INFO  testCases.TC001_AccountRegistrationTest - Clicked on myAccount link..  
13:47:55.516 [main] INFO  testCases.TC001_AccountRegistrationTest - Clicked on Register link..  
13:47:56.546 [main] INFO  testCases.TC001_AccountRegistrationTest - providing customer details..  
13:47:59.025 [main] INFO  testCases.TC001_AccountRegistrationTest - Validating expected message.. 
13:48:04.171 [main] INFO  testCases.TC002_LoginTest - **** Starting TC002_LoginTest****
13:48:06.432 [main] INFO  testCases.TC002_LoginTest - ***** Finished TC002_LoginTest
14:05:57.617 [main] INFO  testCases.TC001_AccountRegistrationTest - ******* Starting TC001_AccountRegistrationTest ********
14:05:57.806 [main] INFO  testCases.TC001_AccountRegistrationTest - Clicked on myAccount link..  
14:05:58.594 [main] INFO  testCases.TC001_AccountRegistrationTest - Clicked on Register link..  
14:05:58.608 [main] INFO  testCases.TC001_AccountRegistrationTest - providing customer details..  
14:06:00.109 [main] INFO  testCases.TC001_AccountRegistrationTest - Validating expected message.. 
14:06:03.981 [main] INFO  testCases.TC002_LoginTest - **** Starting TC002_LoginTest****
14:06:05.783 [main] INFO  testCases.TC002_LoginTest - ***** Finished TC002_LoginTest
14:30:31.716 [main] INFO  testCases.TC001_AccountRegistrationTest - ******* Starting TC001_AccountRegistrationTest ********
14:30:31.968 [main] INFO  testCases.TC001_AccountRegistrationTest - Clicked on myAccount link..  
14:30:32.376 [main] INFO  testCases.TC001_AccountRegistrationTest - Clicked on Register link..  
14:30:32.379 [main] INFO  testCases.TC001_AccountRegistrationTest - providing customer details..  
14:30:34.880 [main] INFO  testCases.TC001_AccountRegistrationTest - Validating expected message.. 
14:30:37.325 [main] INFO  testCases.TC002_LoginTest - **** Starting TC002_LoginTest****
14:30:38.940 [main] INFO  testCases.TC002_LoginTest - ***** Finished TC002_LoginTest
14:45:07.424 [main] INFO  testCases.TC001_AccountRegistrationTest - ******* Starting TC001_AccountRegistrationTest ********
14:45:07.551 [main] INFO  testCases.TC001_AccountRegistrationTest - Clicked on myAccount link..  
14:45:08.710 [main] INFO  testCases.TC001_AccountRegistrationTest - Clicked on Register link..  
14:45:08.714 [main] INFO  testCases.TC001_AccountRegistrationTest - providing customer details..  
14:45:10.165 [main] INFO  testCases.TC001_AccountRegistrationTest - Validating expected message.. 
14:45:12.463 [main] INFO  testCases.TC002_LoginTest - **** Starting TC002_LoginTest****
14:45:13.946 [main] INFO  testCases.TC002_LoginTest - ***** Finished TC002_LoginTest
09:25:25.371 [main] INFO  testCases.TC001_AccountRegistrationTest - ******* Starting TC001_AccountRegistrationTest ********
09:25:25.693 [main] INFO  testCases.TC001_AccountRegistrationTest - Clicked on myAccount link..  
09:25:26.447 [main] INFO  testCases.TC001_AccountRegistrationTest - Clicked on Register link..  
09:25:26.484 [main] INFO  testCases.TC001_AccountRegistrationTest - providing customer details..  
09:25:29.523 [main] INFO  testCases.TC001_AccountRegistrationTest - Validating expected message.. 
09:25:33.602 [main] INFO  testCases.TC002_LoginTest - **** Starting TC002_LoginTest****
09:25:36.340 [main] INFO  testCases.TC002_LoginTest - ***** Finished TC002_LoginTest
09:28:59.422 [main] INFO  testCases.TC001_AccountRegistrationTest - ******* Starting TC001_AccountRegistrationTest ********
09:28:59.750 [main] INFO  testCases.TC001_AccountRegistrationTest - Clicked on myAccount link..  
09:29:00.583 [main] INFO  testCases.TC001_AccountRegistrationTest - Clicked on Register link..  
09:29:00.589 [main] INFO  testCases.TC001_AccountRegistrationTest - providing customer details..  
09:29:03.418 [main] INFO  testCases.TC001_AccountRegistrationTest - Validating expected message.. 
09:29:07.456 [main] INFO  testCases.TC002_LoginTest - **** Starting TC002_LoginTest****
09:29:09.808 [main] INFO  testCases.TC002_LoginTest - ***** Finished TC002_LoginTest
